TestTime(mS)	ImageTime	
0	-213
100	-23
200	-23
300	182
400	182
500	376
600	376
700	582
800	582
900	776
1000	776
1100	966
1200	966
1300	1176
1400	1176
1500	1365
1600	1365
1700	1365
1800	1365
1900	1573
2000	1573
2100	1974
2200	1974
2300	2167
2400	2167
2500	2167
2600	2167
2700	2167
2800	2167
2900	2373
3000	2373
3100	2373
3200	2373
3300	2373
3400	2373
3500	2968
3600	2968
3700	3575
3800	3575
3900	3766
4000	3766
4100	3766
4200	3766
4300	3975
4400	3975
4500	4374
4600	4374
4700	4567
4800	4567
4900	4773
5000	4773
5100	4982
5200	4982
5300	5182
5400	5182
5500	5369
5600	5369
5700	5586
5800	5586
5900	5770
6000	5770
6100	5979
6200	5979
6300	6168
6400	6168
6500	6383
6600	6383
6700	6574
6800	6574
6900	6781
7000	6781
7100	6974
7200	6974
7300	7198
7400	7198
7500	7198
7600	7198
7700	7374
7800	7374
7900	7775
8000	7775
8100	7989
8200	7989
8300	8179
8400	8179
8500	8381
8600	8381
8700	8571
8800	8571
8900	8784
9000	8784
9100	8784
9200	8970
9300	9192
9400	9192
9500	9370
9600	9370
9700	9581
9800	9581
9900	9774
10000	9774
10100	9984
10200	9984
10300	10173
10400	10173
10500	10382
10600	10382
10700	10576
10800	10576
10900	10782
11000	10782
11100	10973
11200	10973
11300	11178
11400	11178
11500	11372
11600	11372
11700	11576
11800	11576
11900	11781
12000	11781
12100	11982
12200	11982
12300	12171
12400	12171
12500	12378
12600	12378
12700	12585
12800	12585
12900	12790
13000	12790
13100	12970
13200	12970
13300	13184
13400	13184
13500	13379
13600	13379
13700	13578
13800	13578
13900	13772
14000	13772
14100	13992
14200	13992
14300	14173
14400	14173
14500	14383
14600	14383
14700	14571
14800	14571
14900	14785
15000	14785
15100	14987
15200	14987
15300	15179
15400	15179
15500	15373
15600	15373
15700	15579
15800	15579
15900	15780
16000	15780
16100	15780
16200	15780
16300	15780
16400	15780
16500	15780
16600	15780
16700	15780
16800	15780
16900	15780
17000	15780
17100	15780
17200	15780
17300	15990
17400	15990
17500	15990
17600	15990
17700	15990
17800	15990
17900	17380
18000	17380
18100	17380
18200	17380
18300	17380
18400	17380
18500	17982
18600	17982
18700	18573
18800	18573
18900	18786
19000	18786
19100	18974
19200	18974
19300	19189
19400	19189
19500	19371
19600	19371
19700	19578
19800	19578
19900	19771
20000	19771
