TestTime(mS)	ImageTime	
0	-237
100	-48
200	-48
300	162
400	162
500	354
600	354
700	562
800	562
900	751
1000	751
1100	960
1200	960
1300	1154
1400	1154
1500	1359
1600	1359
1700	1359
1800	1359
1900	1552
2000	1552
2100	1952
2200	1952
2300	2162
2400	2162
2500	2354
2600	2354
2700	2559
2800	2559
2900	2753
3000	2753
3100	2968
3200	2968
3300	3157
3400	3157
3500	3360
3600	3360
3700	3557
3800	3557
3900	3765
4000	3765
4100	3953
4200	3953
4300	4163
4400	4163
4500	4359
4600	4359
4700	4562
4800	4562
4900	4759
5000	4759
5100	4964
5200	4964
5300	5158
5400	5158
5500	5158
5600	5158
5700	5158
5800	5158
5900	5365
6000	5365
6100	5957
6200	5957
6300	6168
6400	6168
6500	6361
6600	6361
6700	6570
6800	6570
6900	6754
7000	6754
7100	6972
7200	6972
7300	7157
7400	7157
7500	7363
7600	7363
7700	7561
7800	7561
7900	7766
8000	7766
8100	7959
8200	7959
8300	8163
8400	8163
8500	8354
8600	8354
8700	8564
8800	8564
8900	8754
9000	8754
9100	8963
9200	8963
9300	9159
9400	9159
9500	9364
9600	9364
9700	9554
9800	9554
9900	9764
10000	9764
10100	9958
10200	9958
10300	10159
10400	10159
10500	10362
10600	10362
10700	10562
10800	10562
10900	10758
11000	10758
11100	10961
11200	10961
11300	11152
11400	11152
11500	11368
11600	11368
11700	11555
11800	11555
11900	11765
12000	11765
12100	11958
12200	11958
12300	12161
12400	12161
12500	12353
12600	12353
12700	12563
12800	12563
12900	12757
13000	12757
13100	12963
13200	12963
13300	13159
13400	13159
13500	13360
13600	13360
13700	13561
13800	13561
13900	13766
14000	13766
14100	13957
14200	13957
14300	14160
14400	14160
14500	14356
14600	14356
14700	14356
14800	14356
14900	14562
15000	14562
15100	14963
15200	14963
15300	14963
15400	14963
15500	15155
15600	15155
15700	15555
15800	15555
15900	15764
16000	15764
16100	15960
16200	15960
16300	16164
16400	16164
16500	16359
16600	16359
16700	16564
16800	16564
16900	16760
17000	16760
17100	16960
17200	16960
17300	17162
17400	17162
17500	17360
17600	17360
17700	17558
17800	17558
17900	17765
18000	17765
18100	17954
18200	17954
18300	17954
18400	17954
18500	17954
18600	17954
18700	18166
18800	18166
18900	18755
19000	18755
19100	18755
19200	18755
19300	18962
19400	18962
19500	19359
19600	19359
19700	19562
19800	19562
19900	19760
20000	19760
