TestTime(mS)	ImageTime	
0	-141
100	-141
200	51
300	51
400	259
500	259
600	450
700	450
800	657
900	657
1000	657
1100	657
1200	851
1300	851
1400	1249
1500	1249
1600	1457
1700	1457
1800	1650
1900	1650
2000	1650
2100	1650
2200	1859
2300	1859
2400	2258
2500	2258
2600	2451
2700	2451
2800	2657
2900	2657
3000	2856
3100	2856
3200	3058
3300	3058
3400	3251
3500	3251
3600	3457
3700	3457
3800	3649
3900	3649
4000	3857
4100	3857
4200	4052
4300	4052
4400	4258
4500	4258
4600	4449
4700	4449
4800	4657
4900	4657
5000	4855
5100	4855
5200	5085
5300	5085
5400	5264
5500	5264
5600	5463
5700	5463
5800	5665
5900	5665
6000	5861
6100	5861
6200	6053
6300	6053
6400	6259
6500	6259
6600	6461
6700	6461
6800	6665
6900	6665
7000	6865
7100	6865
7200	7063
7300	7063
7400	7260
7500	7260
7600	7466
7700	7466
7800	7655
7900	7655
8000	7864
8100	7864
8200	8061
8300	8061
8400	8278
8500	8278
8600	8455
8700	8455
8800	8661
8900	8661
9000	8859
9100	8859
9200	9057
9300	9057
9400	9256
9500	9256
9600	9459
9700	9459
9800	9655
9900	9655
10000	9873
10100	9873
10200	10056
10300	10056
10400	10261
10500	10261
10600	10464
10700	10464
10800	10464
10900	10464
11000	10661
11100	10661
11200	11060
11300	11060
11400	11256
11500	11256
11600	11256
11700	11256
11800	11461
11900	11461
12000	11461
12100	11461
12200	11461
12300	11461
12400	11869
12500	11869
12600	12455
12700	12455
12800	12659
12900	12659
13000	12854
13100	12854
13200	12854
13300	12854
13400	13064
13500	13064
13600	13457
13700	13457
13800	13658
13900	13658
14000	13849
14100	13849
14200	14054
14300	14054
14400	14260
14500	14260
14600	14464
14700	14464
14800	14658
14900	14658
15000	14856
15100	14856
15200	15064
15300	15064
15400	15255
15500	15255
15600	15455
15700	15455
15800	15658
15900	15658
16000	15846
16100	15846
16200	16054
16300	16054
16400	16258
16500	16258
16600	16461
16700	16461
16800	16650
16900	16650
17000	16863
17100	16863
17200	17052
17300	17052
17400	17258
17500	17258
17600	17453
17700	17453
17800	17666
17900	17666
18000	17848
18100	17848
18200	18055
18300	18055
18400	18055
18500	18055
18600	18250
18700	18250
18800	18655
18900	18655
19000	18853
19100	18853
19200	19050
19300	19050
19400	19257
19500	19257
19600	19456
19700	19456
19800	19456
19900	19456
20000	19456
