TestTime(mS)	ImageTime	
0	-156
100	-156
200	36
300	36
400	245
500	245
600	436
700	436
800	648
900	648
1000	836
1100	836
1200	1046
1300	1046
1400	1237
1500	1237
1600	1446
1700	1446
1800	1639
1900	1639
2000	1848
2100	1848
2200	1848
2300	1848
2400	2038
2500	2038
2600	2454
2700	2454
2800	2646
2900	2646
3000	2842
3100	2842
3200	2842
3300	2842
3400	2842
3500	2842
3600	3047
3700	3047
3800	3637
3900	3637
4000	3637
4100	3637
4200	3637
4300	3637
4400	3846
4500	3846
4600	4438
4700	4438
4800	4646
4900	4646
5000	4848
5100	4848
5200	5050
5300	5050
5400	5247
5500	5247
5600	5450
5700	5450
5800	5643
5900	5643
6000	5848
6100	5848
6200	6040
6300	6040
6400	6248
6500	6248
6600	6443
6700	6443
6800	6656
6900	6656
7000	6854
7100	6854
7200	7052
7300	7052
7400	7250
7500	7250
7600	7449
7700	7449
7800	7639
7900	7639
8000	7850
8100	7850
8200	8039
8300	8039
8400	8247
8500	8247
8600	8247
8700	8448
8800	8652
8900	8652
9000	8850
9100	8850
9200	9051
9300	9051
9400	9242
9500	9242
9600	9449
9700	9449
9800	9647
9900	9647
10000	9854
10100	9854
10200	10042
10300	10042
10400	10248
10500	10248
10600	10444
10700	10444
10800	10650
10900	10650
11000	10841
11100	10841
11200	11053
11300	11053
11400	11246
11500	11246
11600	11447
11700	11447
11800	11639
11900	11639
12000	11849
12100	11849
12200	12049
12300	12049
12400	12049
12500	12049
12600	12049
12700	12049
12800	12251
12900	12251
13000	12251
13100	12251
13200	12251
13300	12251
13400	12251
13500	12251
13600	12859
13700	12859
13800	13643
13900	13643
14000	13849
14100	13849
14200	13849
14300	13849
14400	14046
14500	14046
14600	14440
14700	14440
14800	14649
14900	14649
15000	14843
15100	14843
15200	15048
15300	15048
15400	15245
15500	15245
15600	15447
15700	15447
15800	15651
15900	15651
16000	15848
16100	15848
16200	16040
16300	16040
16400	16251
16500	16251
16600	16439
16700	16439
16800	16650
16900	16650
17000	16848
17100	16848
17200	17050
17300	17050
17400	17241
17500	17241
17600	17462
17700	17462
17800	17640
17900	17640
18000	17856
18100	17856
18200	17856
18300	17856
18400	18038
18500	18038
18600	18439
18700	18439
18800	18658
18900	18658
19000	18846
19100	18846
19200	19049
19300	19049
19400	19242
19500	19242
19600	19450
19700	19450
19800	19647
19900	19647
20000	19647
