TestTime(mS)	ImageTime	
0	-250
100	-45
200	-45
300	148
400	148
500	148
600	148
700	355
800	355
900	755
1000	755
1100	755
1200	755
1300	962
1400	962
1500	1346
1600	1346
1700	1556
1800	1556
1900	1747
2000	1747
2100	1956
2200	1956
2300	2147
2400	2147
2500	2355
2600	2355
2700	2547
2800	2547
2900	2755
3000	2755
3100	2947
3200	2947
3300	3156
3400	3156
3500	3350
3600	3350
3700	3556
3800	3556
3900	3747
4000	3747
4100	3955
4200	3955
4300	4150
4400	4150
4500	4357
4600	4357
4700	4547
4800	4547
4900	4754
5000	4754
5100	4951
5200	4951
5300	5168
5400	5168
5500	5357
5600	5357
5700	5567
5800	5567
5900	5763
6000	5763
6100	5965
6200	5965
6300	6153
6400	6153
6500	6363
6600	6363
6700	6567
6800	6567
6900	6765
7000	6765
7100	6950
7200	6950
7300	7177
7400	7177
7500	7354
7600	7354
7700	7559
7800	7559
7900	7752
8000	7752
8100	7968
8200	7968
8300	8151
8400	8151
8500	8360
8600	8360
8700	8552
8800	8552
8900	8552
9000	8552
9100	8763
9200	8763
9300	9168
9400	9168
9500	9351
9600	9351
9700	9561
9800	9561
9900	9749
10000	9749
10100	9960
10200	9960
10300	10164
10400	10164
10500	10371
10600	10371
10700	10558
10800	10558
10900	10761
11000	10761
11100	10956
11200	10956
11300	11166
11400	11166
11500	11356
11600	11356
11700	11571
11800	11571
11900	11762
12000	11762
12100	11960
12200	11960
12300	12158
12400	12158
12500	12370
12600	12370
12700	12563
12800	12563
12900	12764
13000	12764
13100	12949
13200	12949
13300	13156
13400	13156
13500	13353
13600	13353
13700	13567
13800	13567
13900	13748
14000	13748
14100	13963
14200	13963
14300	14155
14400	14155
14500	14371
14600	14371
14700	14552
14800	14552
14900	14768
15000	14768
15100	14952
15200	14952
15300	15159
15400	15159
15500	15159
15600	15159
15700	15360
15800	15360
15900	15749
16000	15749
16100	15971
16200	15971
16300	16166
16400	16166
16500	16361
16600	16361
16700	16552
16800	16552
16900	16773
17000	16773
17100	16951
17200	16951
17300	17159
17400	17159
17500	17350
17600	17350
17700	17567
17800	17567
17900	17755
18000	17755
18100	17960
18200	17960
18300	18154
18400	18154
18500	18367
18600	18367
18700	18367
18800	18367
18900	18367
19000	18367
19100	18561
19200	18561
19300	19165
19400	19165
19500	19350
19600	19350
19700	19573
19800	19573
19900	19752
20000	19752
