TestTime(mS)	ImageTime	
0	-190
100	-190
200	5
300	5
400	212
500	212
600	403
700	403
800	611
900	611
1000	802
1100	802
1200	1012
1300	1012
1400	1203
1500	1203
1600	1411
1700	1411
1800	1601
1900	1601
2000	1812
2100	1812
2200	2004
2300	2004
2400	2214
2500	2214
2600	2403
2700	2403
2800	2611
2900	2611
3000	2804
3100	2804
3200	3010
3300	3010
3400	3203
3500	3203
3600	3414
3700	3414
3800	3602
3900	3602
4000	3813
4100	3813
4200	4003
4300	4003
4400	4213
4500	4213
4600	4401
4700	4401
4800	4610
4900	4610
5000	4802
5100	5021
5200	5021
5300	5021
5400	5218
5500	5218
5600	5414
5700	5414
5800	5622
5900	5622
6000	5820
6100	5820
6200	6014
6300	6014
6400	6223
6500	6223
6600	6223
6700	6223
6800	6223
6900	6223
7000	6223
7100	6223
7200	6432
7300	6432
7400	7226
7500	7226
7600	7416
7700	7416
7800	7608
7900	7608
8000	7824
8100	7824
8200	8014
8300	8014
8400	8220
8500	8220
8600	8421
8700	8421
8800	8421
8900	8421
9000	8616
9100	8616
9200	9015
9300	9015
9400	9206
9500	9206
9600	9417
9700	9417
9800	9620
9900	9620
10000	9814
10100	9814
10200	10015
10300	10015
10400	10217
10500	10217
10600	10408
10700	10408
10800	10616
10900	10819
11000	10819
11100	10819
11200	11014
11300	11014
11400	11207
11500	11419
11600	11419
11700	11609
11800	11609
11900	11609
12000	11820
12100	11820
12200	12008
12300	12008
12400	12215
12500	12215
12600	12420
12700	12420
12800	12632
12900	12632
13000	12808
13100	12808
13200	13027
13300	13027
13400	13221
13500	13221
13600	13415
13700	13415
13800	13625
13900	13625
14000	13816
14100	13816
14200	14016
14300	14016
14400	14224
14500	14224
14600	14414
14700	14414
14800	14614
14900	14614
15000	14808
15100	14808
15200	15019
15300	15209
15400	15209
15500	15417
15600	15417
15700	15417
15800	15417
15900	15417
16000	15417
16100	15417
16200	15417
16300	15417
16400	15417
16500	15417
16600	15603
16700	15603
16800	15603
16900	15603
17000	16616
17100	16616
17200	17023
17300	17023
17400	17204
17500	17204
17600	17422
17700	17422
17800	17603
17900	17603
18000	17822
18100	17822
18200	18008
18300	18008
18400	18215
18500	18215
18600	18409
18700	18409
18800	18614
18900	18614
19000	18805
19100	18805
19200	19016
19300	19016
19400	19222
19500	19416
19600	19416
19700	19608
19800	19608
19900	19608
20000	19821
