TestTime(mS)	ImageTime	
0	-252
100	-46
200	-46
300	143
400	143
500	352
600	352
700	544
800	544
900	752
1000	752
1100	949
1200	949
1300	1151
1400	1151
1500	1343
1600	1343
1700	1551
1800	1551
1900	1746
2000	1746
2100	1952
2200	1952
2300	2145
2400	2145
2500	2351
2600	2351
2700	2558
2800	2558
2900	2761
3000	2761
3100	2954
3200	2954
3300	3167
3400	3167
3500	3354
3600	3354
3700	3567
3800	3567
3900	3750
4000	3750
4100	3963
4200	3963
4300	4153
4400	4153
4500	4367
4600	4367
4700	4556
4800	4556
4900	4757
5000	4757
5100	4956
5200	4956
5300	5165
5400	5165
5500	5366
5600	5366
5700	5366
5800	5366
5900	5567
6000	5567
6100	5959
6200	5959
6300	6151
6400	6151
6500	6361
6600	6361
6700	6361
6800	6361
6900	6545
7000	6545
7100	6545
7200	6545
7300	6975
7400	6975
7500	7356
7600	7356
7700	7539
7800	7539
7900	7746
8000	7746
8100	7950
8200	7950
8300	8155
8400	8155
8500	8368
8600	8368
8700	8557
8800	8557
8900	8753
9000	8753
9100	8962
9200	8962
9300	9144
9400	9144
9500	9354
9600	9354
9700	9546
9800	9546
9900	9759
10000	9759
10100	9954
10200	9954
10300	10160
10400	10160
10500	10341
10600	10341
10700	10548
10800	10548
10900	10751
11000	10751
11100	10954
11200	10954
11300	11151
11400	11151
11500	11358
11600	11358
11700	11548
11800	11548
11900	11758
12000	11758
12100	11949
12200	11949
12300	12152
12400	12152
12500	12346
12600	12346
12700	12546
12800	12546
12900	12743
13000	12743
13100	12953
13200	12953
13300	13147
13400	13147
13500	13351
13600	13351
13700	13545
13800	13545
13900	13756
14000	13756
14100	13947
14200	13947
14300	14151
14400	14151
14500	14349
14600	14349
14700	14558
14800	14558
14900	14737
15000	14737
15100	14963
15200	14963
15300	14963
15400	14963
15500	14963
15600	14963
15700	14963
15800	14963
15900	14963
16000	14963
16100	15155
16200	15155
16300	15155
16400	15155
16500	16153
16600	16153
16700	16552
16800	16552
16900	16745
17000	16745
17100	16956
17200	16956
17300	17137
17400	17137
17500	17346
17600	17346
17700	17550
17800	17550
17900	17757
18000	17757
18100	17955
18200	17955
18300	18165
18400	18165
18500	18165
18600	18165
18700	18165
18800	18165
18900	18352
19000	18352
19100	18959
19200	18959
19300	19149
19400	19149
19500	19358
19600	19358
19700	19553
19800	19553
19900	19747
20000	19747
