TestTime(mS)	ImageTime	
0	-174
100	-174
200	18
300	18
400	228
500	228
600	422
700	422
800	627
900	627
1000	819
1100	819
1200	1027
1300	1027
1400	1220
1500	1220
1600	1426
1700	1426
1800	1620
1900	1620
2000	1620
2100	1620
2200	1829
2300	1829
2400	2229
2500	2229
2600	2229
2700	2229
2800	2419
2900	2419
3000	2820
3100	2820
3200	3027
3300	3027
3400	3218
3500	3218
3600	3426
3700	3426
3800	3618
3900	3618
4000	3830
4100	3830
4200	4021
4300	4021
4400	4227
4500	4227
4600	4418
4700	4418
4800	4629
4900	4629
5000	4823
5100	4823
5200	5034
5300	5034
5400	5222
5500	5222
5600	5431
5700	5431
5800	5629
5900	5629
6000	5835
6100	5835
6200	6037
6300	6037
6400	6245
6500	6245
6600	6433
6700	6640
6800	6640
6900	6640
7000	6830
7100	6830
7200	7040
7300	7040
7400	7223
7500	7223
7600	7440
7700	7440
7800	7625
7900	7625
8000	7834
8100	7834
8200	8031
8300	8031
8400	8235
8500	8235
8600	8425
8700	8425
8800	8639
8900	8639
9000	8825
9100	8825
9200	9043
9300	9043
9400	9225
9500	9445
9600	9445
9700	9628
9800	9628
9900	9628
10000	9842
10100	9842
10200	9842
10300	9842
10400	9842
10500	9842
10600	9842
10700	9842
10800	9842
10900	9842
11000	10037
11100	10037
11200	11038
11300	11038
11400	11225
11500	11225
11600	11440
11700	11440
11800	11632
11900	11632
12000	11830
12100	11830
12200	12032
12300	12032
12400	12240
12500	12240
12600	12436
12700	12436
12800	12436
12900	12436
13000	12632
13100	12632
13200	13030
13300	13030
13400	13224
13500	13224
13600	13436
13700	13436
13800	13624
13900	13624
14000	13840
14100	13840
14200	14029
14300	14029
14400	14235
14500	14235
14600	14428
14700	14428
14800	14641
14900	14641
15000	14824
15100	14824
15200	15036
15300	15036
15400	15228
15500	15228
15600	15439
15700	15439
15800	15628
15900	15835
16000	15835
16100	15835
16200	16032
16300	16032
16400	16238
16500	16238
16600	16433
16700	16433
16800	16632
16900	16632
17000	16825
17100	16825
17200	17032
17300	17032
17400	17230
17500	17230
17600	17433
17700	17433
17800	17624
17900	17624
18000	17835
18100	17835
18200	18026
18300	18026
18400	18232
18500	18232
18600	18424
18700	18642
18800	18642
18900	18642
19000	18833
19100	18833
19200	19047
19300	19047
19400	19231
19500	19231
19600	19435
19700	19435
19800	19435
19900	19435
20000	19625
