TestTime(mS)	ImageTime	
0	-228
100	-19
200	-19
300	-19
400	172
500	380
600	380
700	571
800	571
900	780
1000	780
1100	974
1200	974
1300	1179
1400	1179
1500	1372
1600	1372
1700	1581
1800	1581
1900	1772
2000	1772
2100	1980
2200	1980
2300	2173
2400	2173
2500	2381
2600	2381
2700	2574
2800	2574
2900	2780
3000	2780
3100	2971
3200	2971
3300	3179
3400	3179
3500	3372
3600	3372
3700	3578
3800	3578
3900	3774
4000	3774
4100	3978
4200	3978
4300	4173
4400	4173
4500	4379
4600	4379
4700	4571
4800	4571
4900	4779
5000	4779
5100	4978
5200	4978
5300	5190
5400	5190
5500	5375
5600	5375
5700	5586
5800	5586
5900	5586
6000	5586
6100	5586
6200	5586
6300	5789
6400	5789
6500	6397
6600	6397
6700	6579
6800	6579
6900	6784
7000	6784
7100	6978
7200	6978
7300	7183
7400	7183
7500	7183
7600	7183
7700	7380
7800	7380
7900	7774
8000	7774
8100	7994
8200	7994
8300	8174
8400	8174
8500	8386
8600	8386
8700	8585
8800	8585
8900	8790
9000	8790
9100	8790
9200	8981
9300	8981
9400	8981
9500	9196
9600	9196
9700	9582
9800	9582
9900	9582
10000	9786
10100	9992
10200	9992
10300	9992
10400	10186
10500	10400
10600	10400
10700	10591
10800	10591
10900	10790
11000	10790
11100	10790
11200	10976
11300	11192
11400	11192
11500	11381
11600	11381
11700	11581
11800	11581
11900	11786
12000	11786
12100	11988
12200	11988
12300	12182
12400	12182
12500	12391
12600	12391
12700	12391
12800	12589
12900	12811
13000	12811
13100	12978
13200	12978
13300	13199
13400	13199
13500	13199
13600	13377
13700	13598
13800	13598
13900	13779
14000	13779
14100	13985
14200	13985
14300	14181
14400	14181
14500	14388
14600	14388
14700	14582
14800	14582
14900	14797
15000	14797
15100	14988
15200	14988
15300	15183
15400	15183
15500	15382
15600	15382
15700	15582
15800	15582
15900	15582
16000	15784
16100	15994
16200	15994
16300	16184
16400	16184
16500	16385
16600	16385
16700	16574
16800	16574
16900	16796
17000	16796
17100	16796
17200	16796
17300	16796
17400	16796
17500	16796
17600	16796
17700	16796
17800	16796
17900	16976
18000	16976
18100	17989
18200	17989
18300	18186
18400	18186
18500	18186
18600	18186
18700	18186
18800	18186
18900	18387
19000	18387
19100	18985
19200	18985
19300	18985
19400	18985
19500	19186
19600	19186
19700	19602
19800	19602
19900	19602
