TestTime(mS)	ImageTime	
0	-323
10	-112
100	-112
200	-112
210	76
300	76
400	76
410	76
500	76
600	76
610	283
700	283
800	283
810	680
900	680
1000	680
1010	874
1100	874
1200	874
1210	1082
1300	1082
1400	1082
1410	1274
1500	1274
1600	1274
1610	1480
1700	1480
1800	1480
1810	1674
1900	1674
2000	1674
2010	1882
2100	1882
2200	1882
2210	1882
2300	1882
2400	1882
2410	2074
2500	2074
2600	2074
2610	2474
2700	2474
2800	2474
2810	2665
2900	2665
3000	2665
3010	2875
3100	2875
3200	2875
3210	3065
3300	3065
3400	3065
3410	3274
3500	3274
3600	3274
3610	3468
3700	3468
3800	3468
3810	3676
3900	3676
4000	3676
4010	3866
4100	3866
4200	3866
4210	4075
4300	4075
4400	4075
4410	4268
4500	4268
4600	4268
4610	4472
4700	4472
4800	4472
4810	4667
4900	4667
5000	4667
5010	4880
5100	4880
5200	4880
5210	5075
5300	5075
5400	5075
5410	5285
5500	5285
5600	5285
5610	5474
5700	5474
5800	5474
5810	5474
5900	5474
6000	5474
6010	5678
6100	5678
6200	5678
6210	6080
6300	6080
6400	6080
6410	6269
6500	6269
6600	6269
6610	6475
6700	6475
6800	6475
6810	6677
6900	6677
7000	6677
7010	6874
7100	6874
7200	6874
7210	7069
7300	7069
7400	7069
7410	7277
7500	7277
7600	7277
7610	7470
7700	7470
7800	7470
7810	7673
7900	7673
8000	7673
8010	7871
8100	7871
8200	7871
8210	8079
8300	8079
8400	8079
8410	8269
8500	8269
8600	8269
8610	8481
8700	8481
8800	8481
8810	8669
8900	8669
9000	8669
9010	8877
9100	8877
9200	8877
9210	9080
9300	9080
9400	9080
9410	9296
9500	9296
9600	9296
9610	9471
9700	9471
9800	9471
9810	9674
9900	9674
10000	9674
10010	9872
10100	9872
10200	9872
10210	10078
10300	10078
10400	10078
10410	10273
10500	10273
10600	10273
10610	10477
10700	10477
10800	10477
10810	10671
10900	10671
11000	10671
11010	10873
11100	10873
11200	10873
11210	11076
11300	11076
11400	11076
11410	11275
11500	11275
11600	11275
11610	11471
11700	11471
11800	11471
11810	11677
11900	11677
12000	11677
12010	11869
12100	11869
12200	11869
12210	12079
12300	12079
12400	12079
12410	12268
12500	12268
12600	12268
12610	12476
12700	12476
12800	12476
12810	12676
12900	12676
13000	12676
13010	12887
13100	12887
13200	12887
13210	13073
13300	13073
13400	13073
13410	13280
13500	13280
13600	13280
13610	13469
13700	13469
13800	13469
13810	13680
13900	13680
14000	13680
14010	13873
14100	13873
14200	13873
14210	14077
14300	14077
14400	14077
14410	14273
14500	14273
14600	14273
14610	14273
14700	14273
14800	14273
14810	14273
14900	14273
15000	14273
15010	14475
15100	14475
15200	14475
15210	15078
15300	15078
15400	15078
15410	15286
15500	15286
15600	15286
15610	15467
15700	15467
15800	15467
15810	15467
15900	15467
16000	15467
16010	15680
16100	15680
16200	15680
16210	15680
16300	15680
16400	15680
16410	16074
16500	16074
16600	16074
16610	16480
16700	16480
16800	16480
16810	16668
16900	16668
17000	16668
17010	16879
17100	16879
17200	16879
17210	17077
17300	17077
17400	17077
17410	17277
17500	17277
17600	17277
17610	17468
17700	17468
17800	17468
17810	17678
17900	17678
18000	17678
18010	17871
18100	17871
18200	17871
18210	18073
18300	18073
18400	18073
18410	18073
18500	18073
18600	18073
18610	18270
18700	18270
18800	18270
18810	18671
18900	18671
19000	18671
19010	18874
19100	18874
19200	18874
19210	19071
19300	19071
19400	19071
19410	19281
19500	19281
19600	19281
19610	19281
19700	19281
19800	19281
19810	19477
19900	19477
