TestTime(mS)	ImageTime	
0	-176
100	-176
200	17
300	17
400	227
500	227
600	418
700	418
800	629
900	629
1000	818
1100	818
1200	818
1300	818
1400	818
1500	818
1600	1027
1700	1027
1800	1618
1900	1618
2000	1826
2100	1826
2200	2018
2300	2018
2400	2227
2500	2227
2600	2419
2700	2419
2800	2627
2900	2627
3000	2627
3100	2627
3200	2819
3300	2819
3400	3217
3500	3217
3600	3425
3700	3425
3800	3425
3900	3425
4000	3615
4100	3615
4200	4019
4300	4019
4400	4228
4500	4228
4600	4421
4700	4421
4800	4421
4900	4421
5000	4626
5100	4626
5200	5029
5300	5029
5400	5029
5500	5029
5600	5029
5700	5029
5800	5233
5900	5233
6000	5837
6100	5837
6200	6022
6300	6022
6400	6238
6500	6238
6600	6429
6700	6429
6800	6634
6900	6634
7000	6824
7100	6824
7200	7029
7300	7029
7400	7029
7500	7029
7600	7225
7700	7225
7800	7626
7900	7626
8000	7832
8100	8019
8200	8019
8300	8019
8400	8228
8500	8228
8600	8423
8700	8628
8800	8628
8900	8822
9000	8822
9100	8822
9200	9025
9300	9025
9400	9230
9500	9230
9600	9432
9700	9432
9800	9630
9900	9630
10000	9840
10100	9840
10200	10022
10300	10022
10400	10234
10500	10234
10600	10425
10700	10425
10800	10425
10900	10425
11000	10633
11100	10633
11200	11028
11300	11028
11400	11233
11500	11233
11600	11430
11700	11430
11800	11618
11900	11834
12000	11834
12100	11834
12200	12020
12300	12020
12400	12231
12500	12231
12600	12430
12700	12430
12800	12629
12900	12829
13000	12829
13100	13032
13200	13032
13300	13032
13400	13218
13500	13218
13600	13434
13700	13434
13800	13623
13900	13623
14000	13825
14100	13825
14200	14027
14300	14027
14400	14230
14500	14230
14600	14423
14700	14423
14800	14630
14900	14829
15000	14829
15100	14829
15200	15039
15300	15039
15400	15230
15500	15230
15600	15431
15700	15431
15800	15621
15900	15621
16000	15828
16100	15828
16200	16032
16300	16032
16400	16229
16500	16229
16600	16423
16700	16632
16800	16632
16900	16824
17000	16824
17100	17026
17200	17026
17300	17026
17400	17217
17500	17217
17600	17432
17700	17619
17800	17619
17900	17619
18000	17836
18100	17836
18200	18022
18300	18022
18400	18227
18500	18227
18600	18429
18700	18429
18800	18638
18900	18638
19000	18819
19100	18819
19200	18819
19300	18819
19400	19037
19500	19037
19600	19440
19700	19440
19800	19645
19900	19645
20000	19645
