TestTime(mS)	ImageTime	
0	-157
100	-157
200	38
300	38
400	250
500	250
600	438
700	438
800	438
900	438
1000	647
1100	647
1200	1048
1300	1048
1400	1240
1500	1240
1600	1447
1700	1447
1800	1635
1900	1635
2000	1850
2100	1850
2200	2036
2300	2036
2400	2244
2500	2244
2600	2436
2700	2436
2800	2645
2900	2645
3000	2838
3100	2838
3200	3046
3300	3046
3400	3239
3500	3239
3600	3450
3700	3450
3800	3638
3900	3638
4000	3849
4100	3849
4200	4035
4300	4035
4400	4250
4500	4250
4600	4438
4700	4438
4800	4645
4900	4645
5000	4842
5100	4842
5200	5050
5300	5050
5400	5252
5500	5252
5600	5456
5700	5456
5800	5647
5900	5647
6000	5858
6100	5858
6200	6046
6300	6046
6400	6255
6500	6255
6600	6441
6700	6441
6800	6647
6900	6647
7000	6839
7100	6839
7200	7049
7300	7049
7400	7246
7500	7246
7600	7452
7700	7452
7800	7650
7900	7650
8000	7848
8100	7848
8200	8039
8300	8039
8400	8248
8500	8248
8600	8446
8700	8446
8800	8658
8900	8658
9000	8658
9100	8658
9200	8658
9300	8658
9400	8658
9500	8658
9600	8658
9700	8658
9800	8658
9900	8658
10000	8844
10100	8844
10200	10046
10300	10046
10400	10249
10500	10249
10600	10449
10700	10449
10800	10650
10900	10650
11000	10851
11100	10851
11200	10851
11300	10851
11400	11049
11500	11049
11600	11448
11700	11448
11800	11641
11900	11641
12000	11856
12100	11856
12200	12044
12300	12044
12400	12263
12500	12263
12600	12449
12700	12449
12800	12659
12900	12659
13000	12848
13100	12848
13200	13051
13300	13051
13400	13243
13500	13243
13600	13446
13700	13446
13800	13647
13900	13647
14000	13851
14100	13851
14200	14047
14300	14047
14400	14255
14500	14255
14600	14448
14700	14448
14800	14650
14900	14650
15000	14843
15100	14843
15200	15053
15300	15053
15400	15252
15500	15252
15600	15455
15700	15455
15800	15649
15900	15649
16000	15854
16100	15854
16200	16045
16300	16045
16400	16248
16500	16248
16600	16451
16700	16451
16800	16651
16900	16651
17000	16842
17100	16842
17200	17055
17300	17055
17400	17248
17500	17248
17600	17456
17700	17456
17800	17650
17900	17650
18000	17850
18100	17850
18200	18041
18300	18041
18400	18041
18500	18041
18600	18041
18700	18041
18800	18041
18900	18041
19000	18041
19100	18041
19200	18041
19300	18041
19400	18247
19500	18247
19600	19451
19700	19451
19800	19645
19900	19645
20000	19852
