TestTime(mS)	ImageTime	
0	-154
100	-154
200	41
300	41
400	249
500	249
600	438
700	438
800	648
900	648
1000	838
1100	838
1200	1051
1300	1051
1400	1239
1500	1239
1600	1450
1700	1450
1800	1641
1900	1641
2000	1847
2100	1847
2200	2041
2300	2041
2400	2249
2500	2249
2600	2441
2700	2441
2800	2647
2900	2647
3000	2840
3100	2840
3200	3048
3300	3048
3400	3242
3500	3242
3600	3449
3700	3449
3800	3638
3900	3638
4000	3847
4100	3847
4200	4038
4300	4038
4400	4246
4500	4246
4600	4438
4700	4438
4800	4647
4900	4647
5000	4845
5100	4845
5200	5049
5300	5049
5400	5243
5500	5243
5600	5458
5700	5458
5800	5643
5900	5643
6000	5851
6100	5851
6200	5851
6300	5851
6400	5851
6500	5851
6600	6047
6700	6047
6800	6650
6900	6650
7000	6849
7100	6849
7200	7050
7300	7050
7400	7251
7500	7251
7600	7457
7700	7457
7800	7644
7900	7644
8000	7850
8100	7850
8200	8049
8300	8049
8400	8254
8500	8254
8600	8451
8700	8451
8800	8652
8900	8652
9000	8850
9100	8850
9200	9051
9300	9051
9400	9250
9500	9250
9600	9454
9700	9454
9800	9641
9900	9641
10000	9850
10100	9850
10200	9850
10300	9850
10400	10049
10500	10049
10600	10452
10700	10452
10800	10649
10900	10649
11000	10846
11100	10846
11200	11052
11300	11052
11400	11257
11500	11257
11600	11451
11700	11451
11800	11647
11900	11647
12000	11854
12100	11854
12200	12041
12300	12041
12400	12248
12500	12248
12600	12451
12700	12451
12800	12656
12900	12656
13000	12849
13100	12849
13200	13050
13300	13050
13400	13242
13500	13242
13600	13459
13700	13459
13800	13649
13900	13649
14000	13856
14100	13856
14200	14047
14300	14047
14400	14251
14500	14251
14600	14444
14700	14444
14800	14652
14900	14652
15000	14844
15100	14844
15200	15050
15300	15050
15400	15050
15500	15050
15600	15244
15700	15244
15800	15646
15900	15646
16000	15857
16100	15857
16200	16042
16300	16042
16400	16251
16500	16251
16600	16443
16700	16443
16800	16651
16900	16651
17000	16840
17100	16840
17200	17056
17300	17056
17400	17240
17500	17240
17600	17451
17700	17451
17800	17642
17900	17642
18000	17852
18100	17852
18200	18047
18300	18047
18400	18251
18500	18251
18600	18444
18700	18444
18800	18657
18900	18657
19000	18847
19100	18847
19200	19048
19300	19048
19400	19251
19500	19251
19600	19454
19700	19454
19800	19642
19900	19642
20000	19642
