TestTime(mS)	ImageTime	
0	-193
100	-193
200	0
300	0
400	0
500	0
600	0
700	0
800	207
900	207
1000	814
1100	814
1200	1008
1300	1008
1400	1198
1500	1198
1600	1408
1700	1408
1800	1601
1900	1601
2000	1807
2100	1807
2200	2001
2300	2001
2400	2001
2500	2001
2600	2205
2700	2205
2800	2606
2900	2606
3000	2799
3100	2799
3200	3007
3300	3007
3400	3198
3500	3198
3600	3405
3700	3405
3800	3601
3900	3601
4000	3806
4100	3806
4200	4000
4300	4000
4400	4209
4500	4209
4600	4398
4700	4398
4800	4606
4900	4606
5000	4800
5100	4800
5200	5024
5300	5024
5400	5204
5500	5412
5600	5412
5700	5613
5800	5613
5900	5613
6000	5812
6100	5812
6200	6003
6300	6003
6400	6217
6500	6217
6600	6408
6700	6408
6800	6617
6900	6617
7000	6807
7100	6807
7200	7008
7300	7008
7400	7203
7500	7203
7600	7411
7700	7411
7800	7610
7900	7610
8000	7821
8100	7821
8200	8009
8300	8009
8400	8211
8500	8211
8600	8404
8700	8404
8800	8609
8900	8609
9000	8800
9100	8800
9200	9014
9300	9014
9400	9211
9500	9211
9600	9412
9700	9412
9800	9604
9900	9604
10000	9604
10100	9604
10200	9604
10300	9604
10400	9604
10500	9604
10600	9819
10700	9819
10800	10610
10900	10610
11000	10610
11100	10610
11200	10811
11300	10811
11400	10811
11500	10811
11600	11211
11700	11211
11800	11610
11900	11610
12000	11810
12100	11810
12200	12008
12300	12008
12400	12217
12500	12217
12600	12426
12700	12426
12800	12621
12900	12621
13000	12810
13100	12810
13200	13020
13300	13020
13400	13212
13500	13212
13600	13419
13700	13419
13800	13601
13900	13601
14000	13815
14100	13815
14200	14007
14300	14007
14400	14218
14500	14218
14600	14411
14700	14411
14800	14611
14900	14611
15000	14803
15100	14803
15200	15015
15300	15015
15400	15210
15500	15210
15600	15432
15700	15432
15800	15613
15900	15613
16000	15824
16100	15824
16200	16008
16300	16008
16400	16211
16500	16211
16600	16403
16700	16403
16800	16612
16900	16612
17000	16612
17100	16612
17200	16807
17300	16807
17400	17220
17500	17220
17600	17425
17700	17425
17800	17602
17900	17602
18000	17812
18100	17812
18200	18012
18300	18012
18400	18207
18500	18207
18600	18416
18700	18617
18800	18617
18900	18617
19000	18805
19100	18805
19200	19017
19300	19017
19400	19205
19500	19205
19600	19422
19700	19613
19800	19613
19900	19613
20000	19816
