TestTime(mS)	ImageTime	
0	-167
100	-167
200	26
300	26
400	218
500	218
600	428
700	428
800	617
900	617
1000	827
1100	827
1200	1019
1300	1019
1400	1225
1500	1225
1600	1418
1700	1418
1800	1626
1900	1626
2000	1819
2100	1819
2200	2027
2300	2027
2400	2218
2500	2218
2600	2426
2700	2426
2800	2616
2900	2616
3000	2827
3100	2827
3200	3021
3300	3021
3400	3227
3500	3227
3600	3419
3700	3419
3800	3625
3900	3625
4000	3817
4100	3817
4200	4028
4300	4028
4400	4217
4500	4217
4600	4427
4700	4427
4800	4618
4900	4618
5000	4836
5100	4836
5200	5030
5300	5030
5400	5228
5500	5228
5600	5421
5700	5421
5800	5628
5900	5628
6000	5824
6100	5824
6200	6034
6300	6221
6400	6221
6500	6437
6600	6437
6700	6437
6800	6624
6900	6624
7000	6830
7100	6830
7200	7025
7300	7025
7400	7025
7500	7025
7600	7025
7700	7025
7800	7025
7900	7025
8000	7230
8100	7230
8200	7230
8300	7230
8400	7230
8500	7230
8600	8029
8700	8029
8800	8626
8900	8626
9000	8831
9100	8831
9200	9031
9300	9031
9400	9234
9500	9234
9600	9425
9700	9425
9800	9634
9900	9634
10000	9826
10100	9826
10200	10030
10300	10030
10400	10219
10500	10219
10600	10431
10700	10431
10800	10628
10900	10628
11000	10836
11100	10836
11200	11027
11300	11027
11400	11232
11500	11232
11600	11427
11700	11427
11800	11427
11900	11427
12000	11631
12100	11631
12200	12031
12300	12031
12400	12233
12500	12233
12600	12427
12700	12624
12800	12624
12900	12624
13000	12842
13100	12842
13200	13030
13300	13030
13400	13230
13500	13230
13600	13423
13700	13627
13800	13627
13900	13627
14000	13818
14100	13818
14200	14030
14300	14030
14400	14226
14500	14226
14600	14442
14700	14442
14800	14621
14900	14621
15000	14834
15100	14834
15200	15031
15300	15031
15400	15229
15500	15229
15600	15426
15700	15426
15800	15635
15900	15635
16000	15824
16100	15824
16200	16029
16300	16029
16400	16230
16500	16230
16600	16429
16700	16429
16800	16636
16900	16636
17000	16834
17100	16834
17200	17027
17300	17027
17400	17235
17500	17235
17600	17431
17700	17431
17800	17630
17900	17630
18000	17826
18100	17826
18200	18030
18300	18030
18400	18234
18500	18234
18600	18410
18700	18410
18800	18627
18900	18627
19000	18831
19100	18831
19200	19024
19300	19024
19400	19233
19500	19233
19600	19422
19700	19422
19800	19642
19900	19642
20000	19826
