TestTime(mS)	ImageTime	
0	-169
100	-169
200	24
300	24
400	231
500	231
600	422
700	422
800	630
900	630
1000	822
1100	822
1200	822
1300	822
1400	1031
1500	1031
1600	1429
1700	1429
1800	1624
1900	1624
2000	1624
2100	1624
2200	1831
2300	1831
2400	2231
2500	2231
2600	2423
2700	2423
2800	2630
2900	2630
3000	2822
3100	2822
3200	3033
3300	3033
3400	3222
3500	3222
3600	3431
3700	3431
3800	3625
3900	3625
4000	3815
4100	3815
4200	4022
4300	4022
4400	4229
4500	4229
4600	4424
4700	4424
4800	4631
4900	4631
5000	4822
5100	4822
5200	5030
5300	5030
5400	5222
5500	5222
5600	5431
5700	5431
5800	5622
5900	5622
6000	5622
6100	5622
6200	5815
6300	5815
6400	6216
6500	6216
6600	6422
6700	6422
6800	6614
6900	6614
7000	6827
7100	6827
7200	7027
7300	7027
7400	7027
7500	7237
7600	7237
7700	7237
7800	7632
7900	7632
8000	7632
8100	7632
8200	7823
8300	7823
8400	8225
8500	8225
8600	8433
8700	8433
8800	8620
8900	8620
9000	8831
9100	8831
9200	9023
9300	9233
9400	9233
9500	9233
9600	9432
9700	9432
9800	9637
9900	9637
10000	9832
10100	9832
10200	10028
10300	10028
10400	10217
10500	10217
10600	10429
10700	10429
10800	10621
10900	10621
11000	10827
11100	11018
11200	11018
11300	11018
11400	11238
11500	11238
11600	11422
11700	11422
11800	11628
11900	11628
12000	11832
12100	11832
12200	12027
12300	12027
12400	12233
12500	12233
12600	12432
12700	12618
12800	12618
12900	12618
13000	12823
13100	12823
13200	13022
13300	13224
13400	13224
13500	13224
13600	13423
13700	13423
13800	13629
13900	13629
14000	13832
14100	13832
14200	14026
14300	14223
14400	14223
14500	14223
14600	14429
14700	14429
14800	14618
14900	14618
15000	14828
15100	14828
15200	15023
15300	15023
15400	15228
15500	15228
15600	15434
15700	15434
15800	15626
15900	15626
16000	15826
16100	15826
16200	16026
16300	16026
16400	16218
16500	16218
16600	16428
16700	16428
16800	16619
16900	16619
17000	16619
17100	16619
17200	16619
17300	16619
17400	16619
17500	16619
17600	16619
17700	16619
17800	16619
17900	16619
18000	16619
18100	16828
18200	16828
18300	18220
18400	18220
18500	18220
18600	18430
18700	18430
18800	18618
18900	18618
19000	18828
19100	18828
19200	19025
19300	19025
19400	19226
19500	19226
19600	19423
19700	19636
19800	19636
19900	19636
20000	19828
