TestTime(mS)	ImageTime	
0	-207
100	-5
200	-5
300	-5
400	-5
500	-5
600	-5
700	-5
800	185
900	794
1000	794
1100	794
1200	986
1300	1194
1400	1194
1500	1194
1600	1384
1700	1597
1800	1597
1900	1597
2000	1787
2100	1994
2200	1994
2300	1994
2400	2184
2500	2397
2600	2397
2700	2397
2800	2587
2900	2796
3000	2796
3100	2796
3200	2986
3300	2986
3400	2986
3500	2986
3600	2986
3700	2986
3800	2986
3900	2986
4000	2986
4100	3193
4200	3193
4300	3193
4400	4187
4500	4187
4600	4187
4700	4187
4800	4394
4900	4793
5000	4793
5100	4793
5200	4793
5300	4987
5400	4987
5500	5388
5600	5388
5700	5388
5800	5388
5900	5388
6000	5388
6100	5388
6200	5599
6300	5599
6400	6201
6500	6410
6600	6410
6700	6410
6800	6586
6900	6586
7000	6799
7100	6799
7200	6991
7300	7208
7400	7208
7500	7208
7600	7391
7700	7391
7800	7601
7900	7601
8000	7799
8100	7799
8200	8005
8300	8005
8400	8194
8500	8194
8600	8401
8700	8401
8800	8607
8900	8800
9000	8800
9100	8800
9200	8996
9300	8996
9400	9196
9500	9196
9600	9392
9700	9609
9800	9609
9900	9609
10000	9786
10100	10006
10200	10006
10300	10193
10400	10193
10500	10397
10600	10397
10700	10397
10800	10589
10900	10589
11000	10802
11100	10802
11200	11002
11300	11002
11400	11207
11500	11405
11600	11405
11700	11405
11800	11610
11900	11610
12000	11799
12100	11799
12200	12004
12300	12004
12400	12200
12500	12409
12600	12409
12700	12588
12800	12588
12900	12805
13000	12805
13100	12805
13200	12999
13300	12999
13400	13198
13500	13198
13600	13394
13700	13596
13800	13596
13900	13596
14000	13787
14100	14003
14200	14003
14300	14003
14400	14189
14500	14189
14600	14406
14700	14592
14800	14592
14900	14798
15000	14798
15100	14798
15200	14988
15300	14988
15400	14988
15500	15208
15600	15208
15700	15606
15800	15606
15900	15606
16000	15789
16100	16004
16200	16004
16300	16191
16400	16191
16500	16404
16600	16404
16700	16404
16800	16404
16900	16404
17000	16591
17100	16591
17200	17002
17300	17002
17400	17205
17500	17205
17600	17392
17700	17602
17800	17602
17900	17602
18000	17801
18100	17801
18200	18007
18300	18007
18400	18195
18500	18195
18600	18406
18700	18406
18800	18406
18900	18406
19000	18597
19100	18597
19200	19007
19300	19007
19400	19198
19500	19198
19600	19406
19700	19406
19800	19599
19900	19599
20000	19812
