TestTime(mS)	ImageTime	
0	-245
100	-33
200	-33
300	159
400	159
500	365
600	365
700	557
800	557
900	767
1000	767
1100	957
1200	957
1300	1167
1400	1167
1500	1359
1600	1359
1700	1359
1800	1359
1900	1359
2000	1359
2100	1565
2200	1565
2300	1565
2400	1565
2500	1565
2600	1565
2700	2174
2800	2174
2900	2767
3000	2767
3100	2767
3200	2767
3300	2959
3400	2959
3500	3359
3600	3359
3700	3566
3800	3566
3900	3757
4000	3757
4100	3966
4200	3966
4300	4160
4400	4160
4500	4369
4600	4369
4700	4556
4800	4556
4900	4767
5000	4767
5100	4956
5200	4956
5300	5166
5400	5166
5500	5358
5600	5358
5700	5564
5800	5564
5900	5760
6000	5760
6100	5964
6200	5964
6300	6158
6400	6158
6500	6367
6600	6367
6700	6556
6800	6556
6900	6765
7000	6765
7100	6958
7200	6958
7300	7165
7400	7165
7500	7366
7600	7366
7700	7577
7800	7577
7900	7762
8000	7762
8100	7976
8200	7976
8300	8167
8400	8167
8500	8382
8600	8382
8700	8569
8800	8569
8900	8771
9000	8771
9100	8970
9200	8970
9300	9172
9400	9172
9500	9364
9600	9364
9700	9577
9800	9577
9900	9771
10000	9771
10100	9972
10200	9972
10300	10157
10400	10157
10500	10157
10600	10157
10700	10378
10800	10378
10900	10772
11000	10772
11100	10963
11200	10963
11300	11174
11400	11174
11500	11364
11600	11364
11700	11572
11800	11572
11900	11767
12000	11767
12100	11970
12200	11970
12300	12165
12400	12165
12500	12369
12600	12369
12700	12568
12800	12568
12900	12771
13000	12771
13100	12971
13200	12971
13300	12971
13400	12971
13500	13178
13600	13178
13700	13567
13800	13567
13900	13769
14000	13769
14100	13972
14200	13972
14300	14162
14400	14162
14500	14377
14600	14377
14700	14571
14800	14571
14900	14774
15000	14774
15100	14967
15200	14967
15300	15170
15400	15170
15500	15372
15600	15372
15700	15570
15800	15570
15900	15762
16000	15762
16100	15974
16200	15974
16300	16175
16400	16175
16500	16373
16600	16373
16700	16568
16800	16568
16900	16768
17000	16768
17100	16958
17200	16958
17300	17170
17400	17170
17500	17358
17600	17358
17700	17576
17800	17576
17900	17763
18000	17763
18100	17967
18200	17967
18300	18170
18400	18170
18500	18371
18600	18371
18700	18558
18800	18558
18900	18775
19000	18775
19100	18964
19200	18964
19300	19172
19400	19172
19500	19363
19600	19363
19700	19569
19800	19569
19900	19774
20000	19774
