TestTime(mS)	ImageTime	
0	-271
100	-60
200	-60
300	127
400	127
500	335
600	335
700	526
800	526
900	734
1000	734
1100	926
1200	926
1300	1135
1400	1135
1500	1343
1600	1343
1700	1534
1800	1534
1900	1745
2000	1745
2100	1745
2200	1745
2300	1936
2400	1936
2500	2340
2600	2340
2700	2543
2800	2543
2900	2543
3000	2543
3100	2543
3200	2543
3300	2736
3400	2736
3500	3330
3600	3330
3700	3537
3800	3537
3900	3727
4000	3727
4100	3937
4200	3937
4300	4127
4400	4127
4500	4335
4600	4335
4700	4529
4800	4529
4900	4735
5000	4735
5100	4931
5200	4931
5300	5154
5400	5154
5500	5334
5600	5334
5700	5543
5800	5543
5900	5732
6000	5732
6100	5940
6200	5940
6300	6144
6400	6144
6500	6336
6600	6336
6700	6531
6800	6531
6900	6742
7000	6742
7100	6931
7200	6931
7300	7136
7400	7136
7500	7340
7600	7340
7700	7543
7800	7543
7900	7742
8000	7742
8100	7956
8200	7956
8300	8138
8400	8138
8500	8341
8600	8341
8700	8529
8800	8529
8900	8748
9000	8748
9100	8935
9200	8935
9300	8935
9400	8935
9500	9147
9600	9147
9700	9539
9800	9539
9900	9734
10000	9734
10100	9734
10200	9734
10300	9952
10400	9952
10500	10343
10600	10343
10700	10541
10800	10541
10900	10747
11000	10747
11100	10930
11200	10930
11300	11154
11400	11154
11500	11339
11600	11339
11700	11542
11800	11542
11900	11739
12000	11739
12100	11946
12200	11946
12300	12142
12400	12142
12500	12347
12600	12347
12700	12531
12800	12531
12900	12740
13000	12740
13100	12945
13200	12945
13300	13150
13400	13150
13500	13333
13600	13333
13700	13545
13800	13545
13900	13751
14000	13751
14100	13942
14200	13942
14300	14129
14400	14129
14500	14349
14600	14349
14700	14536
14800	14536
14900	14743
15000	14743
15100	14944
15200	14944
15300	15139
15400	15139
15500	15344
15600	15344
15700	15537
15800	15537
15900	15738
16000	15738
16100	15946
16200	15946
16300	16133
16400	16133
16500	16347
16600	16347
16700	16538
16800	16538
16900	16750
17000	16750
17100	16931
17200	16931
17300	17149
17400	17149
17500	17335
17600	17335
17700	17540
17800	17540
17900	17540
18000	17540
18100	17540
18200	17540
18300	17540
18400	17540
18500	17747
18600	17747
18700	18536
18800	18536
18900	18743
19000	18743
19100	18935
19200	18935
19300	19140
19400	19140
19500	19330
19600	19330
19700	19555
19800	19555
19900	19730
20000	19730
