TestTime(mS)	ImageTime	
0	-279
10	-279
100	-89
200	-89
210	-89
300	118
400	118
410	118
500	309
600	309
610	309
700	516
800	516
810	516
900	709
1000	709
1010	709
1100	916
1200	916
1210	916
1300	1108
1400	1108
1410	1108
1500	1315
1600	1315
1610	1315
1700	1506
1800	1506
1810	1506
1900	1716
2000	1716
2010	1716
2100	1907
2200	1907
2210	1907
2300	2099
2400	2099
2410	2099
2500	2307
2600	2307
2610	2307
2700	2501
2800	2501
2810	2501
2900	2707
3000	2707
3010	2707
3100	2915
3200	2915
3210	2915
3300	3107
3400	3107
3410	3107
3500	3316
3600	3316
3610	3316
3700	3316
3800	3316
3810	3316
3900	3509
4000	3509
4010	3509
4100	3509
4200	3509
4210	3509
4300	3509
4400	3509
4410	3509
4500	3910
4600	3910
4610	3910
4700	4515
4800	4515
4810	4515
4900	4707
5000	4707
5010	4707
5100	4927
5200	4927
5210	4927
5300	4927
5400	4927
5410	4927
5500	4927
5600	4927
5610	5109
5700	5109
5800	5109
5810	5109
5900	5709
6000	5709
6010	5709
6100	5709
6200	5709
6210	5914
6300	5914
6400	5914
6410	5914
6500	6307
6600	6307
6610	6508
6700	6508
6800	6508
6810	6508
6900	6711
7000	6711
7010	6904
7100	6904
7200	6904
7210	7119
7300	7119
7400	7119
7410	7119
7500	7305
7600	7305
7610	7305
7700	7510
7800	7510
7810	7702
7900	7702
8000	7702
8010	7702
8100	7909
8200	7909
8210	8102
8300	8102
8400	8102
8410	8318
8500	8318
8600	8318
8610	8507
8700	8507
8800	8507
8810	8710
8900	8710
9000	8710
9010	8710
9100	8908
9200	8908
9210	9112
9300	9112
9400	9112
9410	9112
9500	9315
9600	9315
9610	9511
9700	9511
9800	9511
9810	9511
9900	9713
10000	9713
10010	9713
10100	9918
10200	9918
10210	9918
10300	10104
10400	10104
10410	10308
10500	10308
10600	10308
10610	10308
10700	10502
10800	10502
10810	10715
10900	10715
11000	10715
11010	10904
11100	10904
11200	10904
11210	10904
11300	11113
11400	11113
11410	11301
11500	11301
11600	11301
11610	11511
11700	11511
11800	11511
11810	11704
11900	11704
12000	11704
12010	11704
12100	11915
12200	11915
12210	11915
12300	12102
12400	12102
12410	12310
12500	12310
12600	12310
12610	12505
12700	12505
12800	12505
12810	12505
12900	12712
13000	12712
13010	12901
13100	12901
13200	12901
13210	13118
13300	13118
13400	13118
13410	13118
13500	13302
13600	13302
13610	13508
13700	13508
13800	13508
13810	13508
13900	13707
14000	13707
14010	13707
14100	13707
14200	13707
14210	13707
14300	13912
14400	13912
14410	13912
14500	13912
14600	13912
14610	13912
14700	13912
14800	13912
14810	13912
14900	13912
15000	13912
15010	13912
15100	14309
15200	14309
15210	15122
15300	15122
15400	15122
15410	15122
15500	15307
15600	15307
15610	15515
15700	15515
15800	15515
15810	15700
15900	15700
16000	15700
16010	15910
16100	15910
16200	15910
16210	15910
16300	16102
16400	16102
16410	16311
16500	16311
16600	16311
16610	16311
16700	16514
16800	16514
16810	16514
16900	16712
17000	16712
17010	16901
17100	16901
17200	16901
17210	17113
17300	17113
17400	17113
17410	17113
17500	17302
17600	17302
17610	17512
17700	17512
17800	17512
17810	17512
17900	17707
18000	17707
18010	17912
18100	17912
18200	17912
18210	17912
18300	17912
18400	17912
18410	17912
18500	17912
18600	17912
18610	18103
18700	18103
18800	18103
18810	18726
18900	18726
19000	18726
19010	18726
19100	18726
19200	18726
19210	18900
19300	18900
19400	18900
19410	19307
19500	19307
19600	19307
19610	19510
19700	19510
19800	19510
19810	19705
19900	19705
