TestTime(mS)	ImageTime	
0	-211
100	-1
200	-1
300	189
400	189
500	189
600	189
700	189
800	395
900	793
1000	793
1100	793
1200	983
1300	983
1400	1198
1500	1198
1600	1405
1700	1603
1800	1603
1900	1785
2000	1785
2100	1995
2200	1995
2300	1995
2400	2187
2500	2392
2600	2392
2700	2392
2800	2593
2900	2798
3000	2798
3100	2798
3200	2998
3300	3199
3400	3199
3500	3199
3600	3387
3700	3608
3800	3608
3900	3608
4000	3787
4100	3996
4200	3996
4300	3996
4400	4184
4500	4184
4600	4401
4700	4604
4800	4604
4900	4790
5000	4790
5100	4983
5200	4983
5300	5194
5400	5194
5500	5194
5600	5386
5700	5386
5800	5592
5900	5592
6000	5794
6100	5998
6200	5998
6300	5998
6400	6186
6500	6186
6600	6401
6700	6401
6800	6598
6900	6799
7000	6799
7100	7000
7200	7000
7300	7197
7400	7197
7500	7197
7600	7385
7700	7598
7800	7598
7900	7598
8000	7787
8100	8004
8200	8004
8300	8189
8400	8189
8500	8189
8600	8189
8700	8189
8800	8401
8900	8401
9000	8794
9100	8794
9200	8794
9300	8999
9400	8999
9500	8999
9600	8999
9700	8999
9800	8999
9900	8999
10000	9388
10100	10004
10200	10004
10300	10004
10400	10187
10500	10393
10600	10393
10700	10582
10800	10582
10900	10582
11000	10777
11100	10999
11200	10999
11300	11179
11400	11179
11500	11387
11600	11387
11700	11387
11800	11578
11900	11794
12000	11794
12100	11977
12200	11977
12300	11977
12400	12190
12500	12394
12600	12394
12700	12394
12800	12583
12900	12583
13000	12794
13100	12794
13200	12993
13300	13199
13400	13199
13500	13199
13600	13392
13700	13592
13800	13592
13900	13592
14000	13592
14100	13592
14200	13784
14300	13784
14400	14198
14500	14404
14600	14404
14700	14404
14800	14585
14900	14585
15000	14790
15100	14998
15200	14998
15300	15195
15400	15195
15500	15387
15600	15387
15700	15598
15800	15598
15900	15598
16000	15799
16100	15799
16200	15993
16300	15993
16400	16195
16500	16401
16600	16401
16700	16598
16800	16598
16900	16598
17000	16803
17100	16803
17200	16993
17300	16993
17400	17202
17500	17202
17600	17396
17700	17592
17800	17592
17900	17592
18000	17785
18100	17994
18200	17994
18300	17994
18400	18187
18500	18409
18600	18409
18700	18589
18800	18589
18900	18589
19000	18784
19100	19003
19200	19003
19300	19191
19400	19191
19500	19191
19600	19385
19700	19604
19800	19604
19900	19604
20000	19784
