TestTime(mS)	ImageTime	
0	-208
10	-208
100	-208
200	-1
210	-1
300	-1
400	185
410	185
500	185
600	393
610	393
700	393
800	585
810	585
900	585
1000	777
1010	777
1100	777
1200	777
1210	777
1300	777
1400	777
1410	777
1500	777
1600	984
1610	984
1700	984
1800	1577
1810	1577
1900	1577
2000	1784
2010	1784
2100	1784
2200	1976
2210	1976
2300	1976
2400	2184
2410	2184
2500	2184
2600	2377
2610	2377
2700	2377
2800	2586
2810	2586
2900	2586
3000	2777
3010	2777
3100	2777
3200	2984
3210	2984
3300	2984
3400	3177
3410	3177
3500	3177
3600	3384
3610	3384
3700	3384
3800	3578
3810	3578
3900	3578
4000	3784
4010	3784
4100	3784
4200	3978
4210	3978
4300	3978
4400	4184
4410	4184
4500	4184
4600	4376
4610	4376
4700	4376
4800	4585
4810	4585
4900	4585
5000	4778
5010	4778
5100	4778
5200	4988
5210	4988
5300	4988
5400	5186
5410	5186
5500	5186
5600	5389
5610	5389
5700	5389
5800	5582
5810	5582
5900	5582
6000	5808
6010	5808
6100	5808
6200	5993
6210	5993
6300	5993
6400	6192
6410	6192
6500	6192
6600	6384
6610	6384
6700	6384
6800	6595
6810	6595
6900	6595
7000	6782
7010	6782
7100	6782
7200	7000
7210	7000
7300	7000
7400	7191
7410	7191
7500	7191
7600	7391
7610	7391
7700	7391
7800	7585
7810	7585
7900	7585
8000	7789
8010	7789
8100	7789
8200	7987
8210	7987
8300	7987
8400	8190
8410	8190
8500	8190
8600	8382
8610	8382
8700	8382
8800	8589
8810	8589
8900	8589
9000	8781
9010	8781
9100	8781
9200	9003
9210	9003
9300	9003
9400	9185
9410	9185
9500	9185
9600	9388
9610	9388
9700	9388
9800	9584
9810	9584
9900	9584
10000	9785
10010	9785
10100	9785
10200	9981
10210	9981
10300	9981
10400	9981
10410	9981
10500	9981
10600	10187
10610	10187
10700	10187
10800	10600
10810	10600
10900	10600
11000	10784
11010	10784
11100	10784
11200	10998
11210	10998
11300	10998
11400	10998
11410	10998
11500	10998
11600	11180
11610	11180
11700	11180
11800	11586
11810	11586
11900	11586
12000	11789
12010	11789
12100	11789
12200	11789
12210	11789
12300	11789
12400	11984
12410	11984
12500	11984
12600	12383
12610	12383
12700	12383
12800	12594
12810	12594
12900	12594
13000	12786
13010	12786
13100	12786
13200	12998
13210	12998
13300	12998
13400	13184
13410	13184
13500	13184
13600	13395
13610	13395
13700	13395
13800	13581
13810	13581
13900	13581
14000	13795
14010	13795
14100	13795
14200	13991
14210	13991
14300	13991
14400	14188
14410	14188
14500	14188
14600	14383
14610	14383
14700	14383
14800	14591
14810	14591
14900	14591
15000	14791
15010	14791
15100	14791
15200	14993
15210	14993
15300	14993
15400	15190
15410	15190
15500	15190
15600	15393
15610	15393
15700	15393
15800	15597
15810	15597
15900	15597
16000	15799
16010	15799
16100	15799
16200	15981
16210	15981
16300	15981
16400	16191
16410	16191
16500	16191
16600	16383
16610	16383
16700	16383
16800	16588
16810	16588
16900	16588
17000	16794
17010	16794
17100	16794
17200	16992
17210	16992
17300	16992
17400	17186
17410	17186
17500	17186
17600	17396
17610	17396
17700	17396
17800	17396
17810	17396
17900	17396
18000	17582
18010	17582
18100	17582
18200	17985
18210	17985
18300	17985
18400	18189
18410	18189
18500	18189
18600	18383
18610	18383
18700	18383
18800	18592
18810	18592
18900	18592
19000	18785
19010	18785
19100	18785
19200	18989
19210	18989
19300	18989
19400	19177
19410	19177
19500	19177
19600	19395
19610	19395
19700	19395
19800	19583
19810	19583
19900	19583
