TestTime(mS)	ImageTime	
0	-188
100	-188
200	0
300	0
400	205
500	205
600	398
700	398
800	605
900	605
1000	799
1100	799
1200	1007
1300	1007
1400	1199
1500	1199
1600	1409
1700	1409
1800	1600
1900	1600
2000	1805
2100	1805
2200	1998
2300	1998
2400	2205
2500	2205
2600	2398
2700	2398
2800	2612
2900	2612
3000	2612
3100	2612
3200	2805
3300	2805
3400	2805
3500	2805
3600	3209
3700	3612
3800	3612
3900	3807
4000	3807
4100	3807
4200	4010
4300	4010
4400	4215
4500	4215
4600	4411
4700	4411
4800	4608
4900	4608
5000	4805
5100	4805
5200	5017
5300	5017
5400	5210
5500	5210
5600	5416
5700	5416
5800	5607
5900	5607
6000	5806
6100	5806
6200	6010
6300	6010
6400	6222
6500	6222
6600	6408
6700	6408
6800	6627
6900	6627
7000	6809
7100	6809
7200	7014
7300	7014
7400	7205
7500	7205
7600	7416
7700	7416
7800	7600
7900	7600
8000	7600
8100	7600
8200	7808
8300	7808
8400	8221
8500	8221
8600	8416
8700	8416
8800	8620
8900	8620
9000	8801
9100	8801
9200	9009
9300	9009
9400	9199
9500	9199
9600	9416
9700	9603
9800	9603
9900	9603
10000	9813
10100	9813
10200	10003
10300	10003
10400	10214
10500	10214
10600	10406
10700	10406
10800	10618
10900	10618
11000	10805
11100	10805
11200	11012
11300	11205
11400	11205
11500	11411
11600	11411
11700	11609
11800	11609
11900	11811
12000	11811
12100	12005
12200	12005
12300	12218
12400	12218
12500	12400
12600	12400
12700	12400
12800	12597
12900	12799
13000	12799
13100	12799
13200	13001
13300	13215
13400	13215
13500	13215
13600	13391
13700	13600
13800	13600
13900	13791
14000	13791
14100	14001
14200	14001
14300	14001
14400	14193
14500	14193
14600	14400
14700	14400
14800	14607
14900	14607
15000	14801
15100	14801
15200	15020
15300	15020
15400	15210
15500	15210
15600	15394
15700	15394
15800	15611
15900	15611
16000	15817
16100	15817
16200	16006
16300	16219
16400	16219
16500	16219
16600	16403
16700	16403
16800	16614
16900	16808
17000	16808
17100	16808
17200	17007
17300	17208
17400	17208
17500	17208
17600	17208
17700	17208
17800	17208
17900	17208
18000	17208
18100	17208
18200	17208
18300	17208
18400	17208
18500	17417
18600	17417
18700	17417
18800	18597
18900	18597
19000	18805
19100	18805
19200	19005
19300	19200
19400	19200
19500	19393
19600	19393
19700	19607
19800	19607
19900	19607
20000	19607
